D:\Program Files\vs com\MSBuild\Microsoft\VC\v170\Microsoft.CppBuild.targets(531,5): warning MSB8028: промежуточный каталог (Debug\) содержит файлы, которые используются совместно с другим проектом (above_shoot.vcxproj).  Это может привести к ошибкам очистки и перестроения.
  main.cpp
D:\Учеба\проги\shoot_higher\main.cpp(27,22): warning C4244: аргумент: преобразование "time_t" в "unsigned int", возможна потеря данных
D:\Учеба\проги\shoot_higher\main.cpp(28,27): warning C4244: инициализация: преобразование "double" в "float", возможна потеря данных
D:\Учеба\проги\shoot_higher\main.cpp(28,17): warning C4244: инициализация: преобразование "double" в "const float", возможна потеря данных
D:\Учеба\проги\shoot_higher\main.cpp(63,72): warning C4244: аргумент: преобразование "int" в "T", возможна потеря данных
          with
          [
              T=float
          ]
D:\Учеба\проги\shoot_higher\main.cpp(63,53): warning C4244: аргумент: преобразование "int" в "T", возможна потеря данных
          with
          [
              T=float
          ]
D:\Учеба\проги\shoot_higher\main.cpp(88,47): warning C4244: =: преобразование "sf::Int64" в "float", возможна потеря данных
D:\Учеба\проги\shoot_higher\main.cpp(154,74): warning C4244: аргумент: преобразование "int" в "T", возможна потеря данных
          with
          [
              T=float
          ]
D:\Учеба\проги\shoot_higher\main.cpp(154,55): warning C4244: аргумент: преобразование "int" в "T", возможна потеря данных
          with
          [
              T=float
          ]
D:\Учеба\проги\shoot_higher\main.cpp(195,75): warning C4244: аргумент: преобразование "int" в "T", возможна потеря данных
          with
          [
              T=float
          ]
D:\Учеба\проги\shoot_higher\main.cpp(195,56): warning C4244: аргумент: преобразование "int" в "T", возможна потеря данных
          with
          [
              T=float
          ]
  above_shoot.vcxproj -> D:\Учеба\проги\shoot_higher\Debug\shoot_higher.exe
